[2020-11-04 09:11:37,331] - C:\Users\pujun\Desktop\APIAuto_unittest\lib\generate_logs.py] - INFO: -----------生成测试用例--------------
[2020-11-04 09:11:37,376] - C:\Users\pujun\Desktop\APIAuto_unittest\lib\generate_logs.py] - INFO: 生成测试用例列表：['test_addfirm.py', 'test_deletefirm.py', 'test_firmlist.py', 'test_login.py']
[2020-11-04 09:11:37,377] - C:\Users\pujun\Desktop\APIAuto_unittest\lib\generate_logs.py] - INFO: -------- 开始执行用例----------------
[2020-11-04 09:11:37,378] - C:\Users\pujun\Desktop\APIAuto_unittest\lib\generate_logs.py] - INFO: 生成接口自动化测试报告:2020_11_04-09_11_37_report.html
[2020-11-04 09:11:42,315] - C:\Users\pujun\Desktop\APIAuto_unittest\lib\generate_logs.py] - INFO: 用例test_01_1 (firm.test_addfirm.Test_AddFirm)执行错误
[2020-11-04 09:11:42,844] - C:\Users\pujun\Desktop\APIAuto_unittest\lib\generate_logs.py] - INFO: 用例test_01_2 (firm.test_addfirm.Test_AddFirm)执行失败
[2020-11-04 09:11:42,857] - C:\Users\pujun\Desktop\APIAuto_unittest\lib\generate_logs.py] - INFO: 用例test_01_3 (firm.test_addfirm.Test_AddFirm)执行错误
[2020-11-04 09:11:44,074] - C:\Users\pujun\Desktop\APIAuto_unittest\lib\generate_logs.py] - INFO: 用例test_01_1 (firm.test_firmlist.Test_FirmList)执行成功
[2020-11-04 09:11:45,192] - C:\Users\pujun\Desktop\APIAuto_unittest\lib\generate_logs.py] - INFO: 用例test_01_2 (firm.test_firmlist.Test_FirmList)执行成功
[2020-11-04 09:11:45,893] - C:\Users\pujun\Desktop\APIAuto_unittest\lib\generate_logs.py] - INFO: 用例test_01_1 (login.test_login.Test_login)执行成功
[2020-11-04 09:11:46,075] - C:\Users\pujun\Desktop\APIAuto_unittest\lib\generate_logs.py] - INFO: 用例test_01_2 (login.test_login.Test_login)执行成功
[2020-11-04 09:11:46,077] - C:\Users\pujun\Desktop\APIAuto_unittest\lib\generate_logs.py] - INFO: -------接口测试流程测试完成----------
[2020-11-04 09:11:46,079] - C:\Users\pujun\Desktop\APIAuto_unittest\lib\generate_logs.py] - INFO: 删除过期的报告:True
[2020-11-04 09:12:58,927] - C:\Users\pujun\Desktop\APIAuto_unittest\lib\generate_logs.py] - INFO: -----------生成测试用例--------------
[2020-11-04 09:12:58,960] - C:\Users\pujun\Desktop\APIAuto_unittest\lib\generate_logs.py] - INFO: 生成测试用例列表：['test_addfirm.py', 'test_deletefirm.py', 'test_firmlist.py', 'test_login.py']
[2020-11-04 09:12:58,961] - C:\Users\pujun\Desktop\APIAuto_unittest\lib\generate_logs.py] - INFO: -------- 开始执行用例----------------
[2020-11-04 09:12:58,961] - C:\Users\pujun\Desktop\APIAuto_unittest\lib\generate_logs.py] - INFO: 生成接口自动化测试报告:2020_11_04-09_12_58_report.html
[2020-11-04 09:12:59,867] - C:\Users\pujun\Desktop\APIAuto_unittest\lib\generate_logs.py] - INFO: 用例test_01_1 (firm.test_addfirm.Test_AddFirm)执行成功
[2020-11-04 09:13:02,680] - C:\Users\pujun\Desktop\APIAuto_unittest\lib\generate_logs.py] - INFO: 用例test_01_2 (firm.test_addfirm.Test_AddFirm)执行成功
[2020-11-04 09:13:06,081] - C:\Users\pujun\Desktop\APIAuto_unittest\lib\generate_logs.py] - INFO: 用例test_01_3 (firm.test_addfirm.Test_AddFirm)执行成功
[2020-11-04 09:13:07,700] - C:\Users\pujun\Desktop\APIAuto_unittest\lib\generate_logs.py] - INFO: 用例test_01_1 (firm.test_firmlist.Test_FirmList)执行成功
[2020-11-04 09:13:09,195] - C:\Users\pujun\Desktop\APIAuto_unittest\lib\generate_logs.py] - INFO: 用例test_01_2 (firm.test_firmlist.Test_FirmList)执行成功
[2020-11-04 09:13:10,296] - C:\Users\pujun\Desktop\APIAuto_unittest\lib\generate_logs.py] - INFO: 用例test_01_1 (login.test_login.Test_login)执行成功
[2020-11-04 09:13:10,526] - C:\Users\pujun\Desktop\APIAuto_unittest\lib\generate_logs.py] - INFO: 用例test_01_2 (login.test_login.Test_login)执行成功
[2020-11-04 09:13:10,527] - C:\Users\pujun\Desktop\APIAuto_unittest\lib\generate_logs.py] - INFO: -------接口测试流程测试完成----------
[2020-11-04 09:13:10,529] - C:\Users\pujun\Desktop\APIAuto_unittest\lib\generate_logs.py] - INFO: 删除过期的报告:True
[2020-11-04 19:07:16,525] - C:\Users\pujun\Desktop\APIAuto_unittest\lib\generate_logs.py] - INFO: -----------生成测试用例--------------
[2020-11-04 19:07:16,563] - C:\Users\pujun\Desktop\APIAuto_unittest\lib\generate_logs.py] - INFO: 生成测试用例列表：['test_addfirm.py', 'test_deletefirm.py', 'test_firmlist.py', 'test_login.py']
[2020-11-04 19:07:16,564] - C:\Users\pujun\Desktop\APIAuto_unittest\lib\generate_logs.py] - INFO: -------- 开始执行用例----------------
[2020-11-04 19:07:16,564] - C:\Users\pujun\Desktop\APIAuto_unittest\lib\generate_logs.py] - INFO: 生成接口自动化测试报告:2020_11_04-19_07_16_report.html
[2020-11-04 19:07:18,052] - C:\Users\pujun\Desktop\APIAuto_unittest\lib\generate_logs.py] - INFO: 用例test_01_1 (firm.test_addfirm.Test_AddFirm)执行成功
[2020-11-04 19:07:19,944] - C:\Users\pujun\Desktop\APIAuto_unittest\lib\generate_logs.py] - INFO: 用例test_01_2 (firm.test_addfirm.Test_AddFirm)执行成功
[2020-11-04 19:07:21,421] - C:\Users\pujun\Desktop\APIAuto_unittest\lib\generate_logs.py] - INFO: 用例test_01_3 (firm.test_addfirm.Test_AddFirm)执行成功
[2020-11-04 19:07:22,585] - C:\Users\pujun\Desktop\APIAuto_unittest\lib\generate_logs.py] - INFO: 用例test_01_1 (firm.test_firmlist.Test_FirmList)执行成功
[2020-11-04 19:07:23,728] - C:\Users\pujun\Desktop\APIAuto_unittest\lib\generate_logs.py] - INFO: 用例test_01_2 (firm.test_firmlist.Test_FirmList)执行成功
[2020-11-04 19:07:24,945] - C:\Users\pujun\Desktop\APIAuto_unittest\lib\generate_logs.py] - INFO: 用例test_01_1 (login.test_login.Test_login)执行成功
[2020-11-04 19:07:25,187] - C:\Users\pujun\Desktop\APIAuto_unittest\lib\generate_logs.py] - INFO: 用例test_01_2 (login.test_login.Test_login)执行成功
[2020-11-04 19:08:18,441] - C:\Users\pujun\Desktop\APIAuto_unittest\lib\generate_logs.py] - INFO: -----------生成测试用例--------------
[2020-11-04 19:08:18,475] - C:\Users\pujun\Desktop\APIAuto_unittest\lib\generate_logs.py] - INFO: 生成测试用例列表：['test_addfirm.py', 'test_deletefirm.py', 'test_firmlist.py', 'test_login.py']
[2020-11-04 19:08:18,475] - C:\Users\pujun\Desktop\APIAuto_unittest\lib\generate_logs.py] - INFO: -------- 开始执行用例----------------
[2020-11-04 19:08:18,476] - C:\Users\pujun\Desktop\APIAuto_unittest\lib\generate_logs.py] - INFO: 生成接口自动化测试报告:2020_11_04-19_08_18_report.html
[2020-11-04 19:08:19,761] - C:\Users\pujun\Desktop\APIAuto_unittest\lib\generate_logs.py] - INFO: 用例test_01_1 (firm.test_addfirm.Test_AddFirm)执行成功
[2020-11-04 19:08:21,169] - C:\Users\pujun\Desktop\APIAuto_unittest\lib\generate_logs.py] - INFO: 用例test_01_2 (firm.test_addfirm.Test_AddFirm)执行成功
[2020-11-04 19:08:22,478] - C:\Users\pujun\Desktop\APIAuto_unittest\lib\generate_logs.py] - INFO: 用例test_01_3 (firm.test_addfirm.Test_AddFirm)执行成功
[2020-11-04 19:08:23,582] - C:\Users\pujun\Desktop\APIAuto_unittest\lib\generate_logs.py] - INFO: 用例test_01_1 (firm.test_firmlist.Test_FirmList)执行成功
[2020-11-04 19:08:24,723] - C:\Users\pujun\Desktop\APIAuto_unittest\lib\generate_logs.py] - INFO: 用例test_01_2 (firm.test_firmlist.Test_FirmList)执行成功
[2020-11-04 19:08:25,902] - C:\Users\pujun\Desktop\APIAuto_unittest\lib\generate_logs.py] - INFO: 用例test_01_1 (login.test_login.Test_login)执行成功
[2020-11-04 19:08:26,148] - C:\Users\pujun\Desktop\APIAuto_unittest\lib\generate_logs.py] - INFO: 用例test_01_2 (login.test_login.Test_login)执行成功
[2020-11-04 19:08:26,149] - C:\Users\pujun\Desktop\APIAuto_unittest\lib\generate_logs.py] - INFO: -------接口测试流程测试完成----------
[2020-11-04 19:08:26,151] - C:\Users\pujun\Desktop\APIAuto_unittest\lib\generate_logs.py] - INFO: 删除过期的报告:True
[2020-11-04 19:16:28,542] - C:\Users\pujun\Desktop\APIAuto_unittest\lib\generate_logs.py] - INFO: -----------生成测试用例--------------
[2020-11-04 19:16:28,594] - C:\Users\pujun\Desktop\APIAuto_unittest\lib\generate_logs.py] - INFO: 生成测试用例列表：['test_addfirm.py', 'test_deletefirm.py', 'test_firmlist.py', 'test_login.py']
[2020-11-04 19:16:28,595] - C:\Users\pujun\Desktop\APIAuto_unittest\lib\generate_logs.py] - INFO: -------- 开始执行用例----------------
[2020-11-04 19:16:28,596] - C:\Users\pujun\Desktop\APIAuto_unittest\lib\generate_logs.py] - INFO: 生成接口自动化测试报告:2020_11_04-19_16_28_report.html
[2020-11-04 19:16:29,740] - C:\Users\pujun\Desktop\APIAuto_unittest\lib\generate_logs.py] - INFO: 用例test_01_1 (firm.test_addfirm.Test_AddFirm)执行成功
[2020-11-04 19:16:30,987] - C:\Users\pujun\Desktop\APIAuto_unittest\lib\generate_logs.py] - INFO: 用例test_01_2 (firm.test_addfirm.Test_AddFirm)执行成功
[2020-11-04 19:16:31,831] - C:\Users\pujun\Desktop\APIAuto_unittest\lib\generate_logs.py] - INFO: 用例test_01_3 (firm.test_addfirm.Test_AddFirm)执行成功
[2020-11-04 19:16:32,726] - C:\Users\pujun\Desktop\APIAuto_unittest\lib\generate_logs.py] - INFO: 用例test_01_1 (firm.test_firmlist.Test_FirmList)执行成功
[2020-11-04 19:16:33,635] - C:\Users\pujun\Desktop\APIAuto_unittest\lib\generate_logs.py] - INFO: 用例test_01_2 (firm.test_firmlist.Test_FirmList)执行成功
[2020-11-04 19:16:34,497] - C:\Users\pujun\Desktop\APIAuto_unittest\lib\generate_logs.py] - INFO: 用例test_01_1 (login.test_login.Test_login)执行成功
[2020-11-04 19:16:35,083] - C:\Users\pujun\Desktop\APIAuto_unittest\lib\generate_logs.py] - INFO: 用例test_01_2 (login.test_login.Test_login)执行成功
[2020-11-04 19:17:54,109] - C:\Users\pujun\Desktop\APIAuto_unittest\lib\generate_logs.py] - INFO: -----------生成测试用例--------------
[2020-11-04 19:17:54,150] - C:\Users\pujun\Desktop\APIAuto_unittest\lib\generate_logs.py] - INFO: 生成测试用例列表：['test_addfirm.py', 'test_deletefirm.py', 'test_firmlist.py', 'test_login.py']
[2020-11-04 19:17:54,151] - C:\Users\pujun\Desktop\APIAuto_unittest\lib\generate_logs.py] - INFO: -------- 开始执行用例----------------
[2020-11-04 19:17:54,152] - C:\Users\pujun\Desktop\APIAuto_unittest\lib\generate_logs.py] - INFO: 生成接口自动化测试报告:2020_11_04-19_17_54_report.html
[2020-11-04 19:17:55,341] - C:\Users\pujun\Desktop\APIAuto_unittest\lib\generate_logs.py] - INFO: 用例test_01_1 (firm.test_addfirm.Test_AddFirm)执行成功
[2020-11-04 19:17:56,438] - C:\Users\pujun\Desktop\APIAuto_unittest\lib\generate_logs.py] - INFO: 用例test_01_2 (firm.test_addfirm.Test_AddFirm)执行成功
[2020-11-04 19:17:57,277] - C:\Users\pujun\Desktop\APIAuto_unittest\lib\generate_logs.py] - INFO: 用例test_01_3 (firm.test_addfirm.Test_AddFirm)执行成功
[2020-11-04 19:17:58,265] - C:\Users\pujun\Desktop\APIAuto_unittest\lib\generate_logs.py] - INFO: 用例test_01_1 (firm.test_firmlist.Test_FirmList)执行成功
[2020-11-04 19:17:59,303] - C:\Users\pujun\Desktop\APIAuto_unittest\lib\generate_logs.py] - INFO: 用例test_01_2 (firm.test_firmlist.Test_FirmList)执行成功
[2020-11-04 19:18:00,171] - C:\Users\pujun\Desktop\APIAuto_unittest\lib\generate_logs.py] - INFO: 用例test_01_1 (login.test_login.Test_login)执行成功
[2020-11-04 19:18:00,644] - C:\Users\pujun\Desktop\APIAuto_unittest\lib\generate_logs.py] - INFO: 用例test_01_2 (login.test_login.Test_login)执行成功
[2020-11-04 19:18:00,645] - C:\Users\pujun\Desktop\APIAuto_unittest\lib\generate_logs.py] - INFO: -------接口测试流程测试完成----------
[2020-11-04 19:18:00,647] - C:\Users\pujun\Desktop\APIAuto_unittest\lib\generate_logs.py] - INFO: 删除过期的报告:True
