[2020-12-15 08:51:30,539] - C:\Users\pujun\Desktop\SAAS_API\lib\generate_logs.py] - INFO: -----------生成测试用例--------------
[2020-12-15 08:51:30,570] - C:\Users\pujun\Desktop\SAAS_API\lib\generate_logs.py] - INFO: 生成测试用例列表：['test_addfirm.py', 'test_firmlist.py', 'test_login.py']
[2020-12-15 08:51:30,571] - C:\Users\pujun\Desktop\SAAS_API\lib\generate_logs.py] - INFO: -------- 开始执行用例----------------
[2020-12-15 08:51:30,571] - C:\Users\pujun\Desktop\SAAS_API\lib\generate_logs.py] - INFO: 生成接口自动化测试报告:2020_12_15-08_51_30_report.html
[2020-12-15 08:51:37,438] - C:\Users\pujun\Desktop\SAAS_API\lib\generate_logs.py] - INFO: 用例test_01_1 (firm.test_addfirm.Test_AddFirm)执行成功
[2020-12-15 08:51:38,689] - C:\Users\pujun\Desktop\SAAS_API\lib\generate_logs.py] - INFO: 用例test_01_2 (firm.test_addfirm.Test_AddFirm)执行成功
[2020-12-15 08:51:40,181] - C:\Users\pujun\Desktop\SAAS_API\lib\generate_logs.py] - INFO: 用例test_01_1 (firm.test_firmlist.Test_FirmList)执行成功
[2020-12-15 08:51:41,445] - C:\Users\pujun\Desktop\SAAS_API\lib\generate_logs.py] - INFO: 用例test_01_1 (login.test_login.Test_login)执行成功
[2020-12-15 08:51:41,672] - C:\Users\pujun\Desktop\SAAS_API\lib\generate_logs.py] - INFO: 用例test_01_2 (login.test_login.Test_login)执行成功
[2020-12-15 08:51:41,673] - C:\Users\pujun\Desktop\SAAS_API\lib\generate_logs.py] - INFO: -------接口测试流程测试完成----------
[2020-12-15 08:51:41,675] - C:\Users\pujun\Desktop\SAAS_API\lib\generate_logs.py] - INFO: 删除过期的报告:True
[2020-12-15 23:30:28,461] - C:\Users\pujun\Desktop\SAAS_API\lib\generate_logs.py] - INFO: -----------生成测试用例--------------
[2020-12-15 23:30:28,496] - C:\Users\pujun\Desktop\SAAS_API\lib\generate_logs.py] - INFO: 生成测试用例列表：['test_addfirm.py', 'test_firmlist.py', 'test_login.py']
[2020-12-15 23:30:28,497] - C:\Users\pujun\Desktop\SAAS_API\lib\generate_logs.py] - INFO: -------- 开始执行用例----------------
[2020-12-15 23:30:28,497] - C:\Users\pujun\Desktop\SAAS_API\lib\generate_logs.py] - INFO: 生成接口自动化测试报告:2020_12_15-23_30_28_report.html
[2020-12-15 23:30:30,470] - C:\Users\pujun\Desktop\SAAS_API\lib\generate_logs.py] - INFO: 用例test_01_1 (firm.test_addfirm.Test_AddFirm)执行成功
[2020-12-15 23:30:31,571] - C:\Users\pujun\Desktop\SAAS_API\lib\generate_logs.py] - INFO: 用例test_01_2 (firm.test_addfirm.Test_AddFirm)执行成功
[2020-12-15 23:30:32,798] - C:\Users\pujun\Desktop\SAAS_API\lib\generate_logs.py] - INFO: 用例test_01_1 (firm.test_firmlist.Test_FirmList)执行成功
[2020-12-15 23:30:33,874] - C:\Users\pujun\Desktop\SAAS_API\lib\generate_logs.py] - INFO: 用例test_01_1 (login.test_login.Test_login)执行成功
[2020-12-15 23:30:34,092] - C:\Users\pujun\Desktop\SAAS_API\lib\generate_logs.py] - INFO: 用例test_01_2 (login.test_login.Test_login)执行成功
[2020-12-15 23:30:34,093] - C:\Users\pujun\Desktop\SAAS_API\lib\generate_logs.py] - INFO: -------接口测试流程测试完成----------
[2020-12-15 23:30:34,095] - C:\Users\pujun\Desktop\SAAS_API\lib\generate_logs.py] - INFO: 删除过期的报告:True
