[2020-12-22 17:54:23,432]  - INFO: -----------生成测试用例--------------
[2020-12-22 17:54:23,473]  - INFO: 生成测试用例列表：['test_addfirm.py', 'test_firmlist.py', 'test_login.py']
[2020-12-22 17:54:23,473]  - INFO: -------- 开始执行用例----------------
[2020-12-22 17:54:23,474]  - INFO: 生成接口自动化测试报告:2020_12_22-17_54_23_report.html
[2020-12-22 17:54:25,727]  - INFO: 当前执行的测试用例是：新建主体
[2020-12-22 17:54:27,830]  - INFO: 用例test_01_1 (firm.test_addfirm.Test_AddFirm)执行成功
[2020-12-22 17:54:27,830]  - INFO: 当前执行的测试用例是：删除主体
[2020-12-22 17:54:29,053]  - INFO: 用例test_01_2 (firm.test_addfirm.Test_AddFirm)执行成功
[2020-12-22 17:54:29,054]  - INFO: 当前执行的测试用例是：主体查询
[2020-12-22 17:54:30,403]  - INFO: 用例test_01_1 (firm.test_firmlist.Test_FirmList)执行成功
[2020-12-22 17:54:30,404]  - INFO: 当前执行的测试用例是：登录成功
[2020-12-22 17:54:31,988]  - INFO: 用例test_01_1 (login.test_login.Test_login)执行成功
[2020-12-22 17:54:31,988]  - INFO: 当前执行的测试用例是：登录失败
[2020-12-22 17:54:33,027]  - INFO: 用例test_01_2 (login.test_login.Test_login)执行成功
[2020-12-22 17:54:33,027]  - INFO: -------接口测试流程测试完成----------
[2020-12-22 17:54:33,040]  - INFO: 删除过期的报告:True
[2020-12-22 21:10:22,702] -INFO: -----------生成测试用例--------------
[2020-12-22 21:10:22,740] -INFO: 生成测试用例列表：['test_addfirm.py', 'test_firmlist.py', 'test_login.py']
[2020-12-22 21:10:22,741] -INFO: -------- 开始执行用例----------------
[2020-12-22 21:10:22,741] -INFO: 生成接口自动化测试报告:2020_12_22-21_10_22_report.html
[2020-12-22 21:11:04,148] -INFO: -----------生成测试用例--------------
[2020-12-22 21:11:04,191] -INFO: 生成测试用例列表：['test_addfirm.py', 'test_firmlist.py', 'test_login.py']
[2020-12-22 21:11:04,192] -INFO: -------- 开始执行用例----------------
[2020-12-22 21:11:04,192] -INFO: 生成接口自动化测试报告:2020_12_22-21_11_04_report.html
[2020-12-22 21:11:08,600] -INFO: 当前执行的测试用例是：新建主体
[2020-12-22 21:11:11,007] -INFO: 用例test_01_1 (firm.test_addfirm.Test_AddFirm)执行成功
[2020-12-22 21:11:11,007] -INFO: 当前执行的测试用例是：删除主体
[2020-12-22 21:11:12,247] -INFO: 用例test_01_2 (firm.test_addfirm.Test_AddFirm)执行成功
[2020-12-22 21:11:12,248] -INFO: 当前执行的测试用例是：主体查询
[2020-12-22 21:11:13,655] -INFO: 用例test_01_1 (firm.test_firmlist.Test_FirmList)执行成功
[2020-12-22 21:11:13,656] -INFO: 当前执行的测试用例是：登录成功
[2020-12-22 21:11:14,800] -INFO: 用例test_01_1 (login.test_login.Test_login)执行成功
[2020-12-22 21:11:14,800] -INFO: 当前执行的测试用例是：登录失败
[2020-12-22 21:11:15,038] -INFO: 用例test_01_2 (login.test_login.Test_login)执行成功
[2020-12-22 21:11:15,039] -INFO: -------接口测试流程测试完成----------
[2020-12-22 21:11:15,044] -INFO: 删除过期的报告:True
